20
ERR1231936 0.00000 0.00000 0.00000 0.06391 0.07735 0.21637 0.08356 0.09309 0.24605 0.22999 0.16463 0.16463 0.23818 0.23818 0.09880 0.12535 0.28860 0.15580 0.15580 0.22761 
ERR1231936 0.00000 0.00000 0.00000 0.06391 0.07735 0.21637 0.08356 0.09309 0.24605 0.22999 0.16463 0.16463 0.23818 0.23818 0.09880 0.12535 0.28860 0.15580 0.15580 0.22761 
ERR1231936 0.00000 0.00000 0.00000 0.06391 0.07735 0.21637 0.08356 0.09309 0.24605 0.22999 0.16463 0.16463 0.23818 0.23818 0.09880 0.12535 0.28860 0.15580 0.15580 0.22761 
ERR1231936 0.06391 0.06391 0.06391 0.00000 0.10468 0.23474 0.11172 0.11581 0.26364 0.24471 0.17559 0.17559 0.24699 0.24699 0.10681 0.13551 0.30183 0.17960 0.17960 0.24270 
ERR1231936 0.07735 0.07735 0.07735 0.10468 0.00000 0.18224 0.02583 0.02775 0.20795 0.18744 0.16927 0.16927 0.21639 0.21639 0.06636 0.12236 0.26079 0.11162 0.11162 0.17857 
ERR1231936 0.21637 0.21637 0.21637 0.23474 0.18224 0.00000 0.20203 0.20444 0.06755 0.13971 0.12200 0.12200 0.07828 0.07828 0.23247 0.25610 0.28744 0.26990 0.26990 0.23922 
ERR1231936 0.08356 0.08356 0.08356 0.11172 0.02583 0.20203 0.00000 0.04520 0.21915 0.19337 0.17615 0.17615 0.22385 0.22385 0.07353 0.13291 0.27198 0.12489 0.12489 0.18356 
Contig65_1 0.09309 0.09309 0.09309 0.11581 0.02775 0.20444 0.04520 0.00000 0.22181 0.19316 0.18324 0.18324 0.22468 0.22468 0.08203 0.13431 0.26955 0.12171 0.12171 0.19248 
Contig88_1 0.24605 0.24605 0.24605 0.26364 0.20795 0.06755 0.21915 0.22181 0.00000 0.12288 0.15741 0.15741 0.06423 0.06423 0.23034 0.27358 0.25994 0.25532 0.25532 0.24632 
Contig98_1 0.22999 0.22999 0.22999 0.24471 0.18744 0.13971 0.19337 0.19316 0.12288 0.00000 0.14271 0.14271 0.14555 0.14555 0.20994 0.26888 0.23194 0.23247 0.23247 0.17283 
ERR1231936 0.16463 0.16463 0.16463 0.17559 0.16927 0.12200 0.17615 0.18324 0.15741 0.14271 0.00000 0.00000 0.15416 0.15416 0.19171 0.17807 0.23867 0.24207 0.24207 0.19510 
Contig116_ 0.16463 0.16463 0.16463 0.17559 0.16927 0.12200 0.17615 0.18324 0.15741 0.14271 0.00000 0.00000 0.15416 0.15416 0.19171 0.17807 0.23867 0.24207 0.24207 0.19510 
ERR1231936 0.23818 0.23818 0.23818 0.24699 0.21639 0.07828 0.22385 0.22468 0.06423 0.14555 0.15416 0.15416 0.00000 0.00000 0.22694 0.27239 0.26512 0.28037 0.28037 0.24314 
Contig32_1 0.23818 0.23818 0.23818 0.24699 0.21639 0.07828 0.22385 0.22468 0.06423 0.14555 0.15416 0.15416 0.00000 0.00000 0.22694 0.27239 0.26512 0.28037 0.28037 0.24314 
Contig73_5 0.09880 0.09880 0.09880 0.10681 0.06636 0.23247 0.07353 0.08203 0.23034 0.20994 0.19171 0.19171 0.22694 0.22694 0.00000 0.14022 0.28151 0.13521 0.13521 0.21226 
Contig87_8 0.12535 0.12535 0.12535 0.13551 0.12236 0.25610 0.13291 0.13431 0.27358 0.26888 0.17807 0.17807 0.27239 0.27239 0.14022 0.00000 0.32498 0.17935 0.17935 0.26557 
Contig37_1 0.28860 0.28860 0.28860 0.30183 0.26079 0.28744 0.27198 0.26955 0.25994 0.23194 0.23867 0.23867 0.26512 0.26512 0.28151 0.32498 0.00000 0.31387 0.31387 0.22144 
ERR1231936 0.15580 0.15580 0.15580 0.17960 0.11162 0.26990 0.12489 0.12171 0.25532 0.23247 0.24207 0.24207 0.28037 0.28037 0.13521 0.17935 0.31387 0.00000 0.00000 0.25789 
ERR1231936 0.15580 0.15580 0.15580 0.17960 0.11162 0.26990 0.12489 0.12171 0.25532 0.23247 0.24207 0.24207 0.28037 0.28037 0.13521 0.17935 0.31387 0.00000 0.00000 0.25789 
Contig102_ 0.22761 0.22761 0.22761 0.24270 0.17857 0.23922 0.18356 0.19248 0.24632 0.17283 0.19510 0.19510 0.24314 0.24314 0.21226 0.26557 0.22144 0.25789 0.25789 0.00000 
