25
ERR1231936 0.00000 0.00370 0.08518 0.21707 0.22630 0.21868 0.21868 0.24319 0.24698 0.24698 0.16953 0.17127 0.17127 0.15268 0.15220 0.14649 0.28053 0.14669 0.33885 0.16632 0.16311 0.11955 0.16794 0.20809 0.18931 
ERR1231936 0.00370 0.00000 0.08530 0.22001 0.22924 0.22158 0.22158 0.24605 0.24982 0.24982 0.17227 0.17403 0.17403 0.15475 0.15183 0.14856 0.28262 0.14631 0.33772 0.16912 0.16586 0.12166 0.16632 0.21098 0.19220 
Contig113_ 0.08518 0.08530 0.00000 0.23911 0.24733 0.22967 0.22967 0.24382 0.25035 0.25035 0.14599 0.15717 0.15717 0.12637 0.12397 0.12500 0.28709 0.12397 0.31478 0.14575 0.13677 0.16404 0.15193 0.20783 0.19004 
ERR1231936 0.21707 0.22001 0.23911 0.00000 0.01158 0.10162 0.10162 0.13153 0.13701 0.13701 0.33242 0.29309 0.29309 0.30363 0.30336 0.29952 0.16036 0.30062 0.46653 0.28723 0.31413 0.28521 0.30014 0.19904 0.17986 
ERR1231936 0.22630 0.22924 0.24733 0.01158 0.00000 0.11253 0.11253 0.14226 0.14762 0.14762 0.34016 0.29937 0.29937 0.31211 0.31186 0.30801 0.17077 0.30912 0.47280 0.29362 0.32145 0.29391 0.30645 0.20767 0.18994 
ERR1231936 0.21868 0.22158 0.22967 0.10162 0.11253 0.00000 0.00000 0.06171 0.11715 0.11715 0.28973 0.28088 0.28088 0.26767 0.26735 0.26767 0.14041 0.27010 0.44759 0.27980 0.28159 0.28571 0.29681 0.18361 0.16457 
Contig35_1 0.21868 0.22158 0.22967 0.10162 0.11253 0.00000 0.00000 0.06171 0.11715 0.11715 0.28973 0.28088 0.28088 0.26767 0.26735 0.26767 0.14041 0.27010 0.44759 0.27980 0.28159 0.28571 0.29681 0.18361 0.16457 
Contig30_2 0.24319 0.24605 0.24382 0.13153 0.14226 0.06171 0.06171 0.00000 0.13411 0.13411 0.30482 0.30027 0.30027 0.28912 0.28883 0.28639 0.16397 0.28883 0.46275 0.29951 0.30225 0.30711 0.31065 0.20125 0.18316 
ERR1231936 0.24698 0.24982 0.25035 0.13701 0.14762 0.11715 0.11715 0.13411 0.00000 0.00000 0.27051 0.27816 0.27816 0.26763 0.26731 0.26694 0.13674 0.26801 0.43964 0.29686 0.28216 0.27886 0.28958 0.17206 0.15445 
ERR1231936 0.24698 0.24982 0.25035 0.13701 0.14762 0.11715 0.11715 0.13411 0.00000 0.00000 0.27051 0.27816 0.27816 0.26763 0.26731 0.26694 0.13674 0.26801 0.43964 0.29686 0.28216 0.27886 0.28958 0.17206 0.15445 
ERR1231936 0.16953 0.17227 0.14599 0.33242 0.34016 0.28973 0.28973 0.30482 0.27051 0.27051 0.00000 0.09072 0.09072 0.06404 0.06342 0.06826 0.23153 0.06906 0.25423 0.12104 0.07882 0.11509 0.13165 0.24356 0.22740 
ERR1231936 0.17127 0.17403 0.15717 0.29309 0.29937 0.28088 0.28088 0.30027 0.27816 0.27816 0.09072 0.00000 0.00000 0.05074 0.05011 0.05426 0.19929 0.05575 0.20662 0.06128 0.06276 0.10169 0.08537 0.23326 0.21620 
Contig108_ 0.17127 0.17403 0.15717 0.29309 0.29937 0.28088 0.28088 0.30027 0.27816 0.27816 0.09072 0.00000 0.00000 0.05074 0.05011 0.05426 0.19929 0.05575 0.20662 0.06128 0.06276 0.10169 0.08537 0.23326 0.21620 
ERR1231936 0.15268 0.15475 0.12637 0.30363 0.31211 0.26767 0.26767 0.28912 0.26763 0.26763 0.06404 0.05074 0.05074 0.00000 0.00353 0.01695 0.18432 0.02189 0.23380 0.09097 0.02680 0.07465 0.10877 0.24360 0.22683 
Contig51_6 0.15220 0.15183 0.12397 0.30336 0.31186 0.26735 0.26735 0.28883 0.26731 0.26731 0.06342 0.05011 0.05011 0.00353 0.00000 0.02048 0.18785 0.01843 0.23110 0.09040 0.02613 0.07817 0.10563 0.24324 0.22645 
Contig95_1 0.14649 0.14856 0.12500 0.29952 0.30801 0.26767 0.26767 0.28639 0.26694 0.26694 0.06826 0.05426 0.05426 0.01695 0.02048 0.00000 0.17373 0.00918 0.24014 0.09027 0.03597 0.07606 0.11158 0.23668 0.21992 
ERR1231936 0.28053 0.28262 0.28709 0.16036 0.17077 0.14041 0.14041 0.16397 0.13674 0.13674 0.23153 0.19929 0.19929 0.18432 0.18785 0.17373 0.00000 0.17938 0.38696 0.23634 0.20240 0.21662 0.25565 0.23835 0.21985 
ERR1231936 0.14669 0.14631 0.12397 0.30062 0.30912 0.27010 0.27010 0.28883 0.26801 0.26801 0.06906 0.05575 0.05575 0.02189 0.01843 0.00918 0.17938 0.00000 0.23887 0.09181 0.03531 0.08028 0.10986 0.23770 0.22091 
Contig9_21 0.33885 0.33772 0.31478 0.46653 0.47280 0.44759 0.44759 0.46275 0.43964 0.43964 0.25423 0.20662 0.20662 0.23380 0.23110 0.24014 0.38696 0.23887 0.00000 0.24712 0.24629 0.27946 0.25790 0.40268 0.38846 
Contig68_1 0.16632 0.16912 0.14575 0.28723 0.29362 0.27980 0.27980 0.29951 0.29686 0.29686 0.12104 0.06128 0.06128 0.09097 0.09040 0.09027 0.23634 0.09181 0.24712 0.00000 0.10169 0.13852 0.08466 0.22023 0.20287 
ERR1231936 0.16311 0.16586 0.13677 0.31413 0.32145 0.28159 0.28159 0.30225 0.28216 0.28216 0.07882 0.06276 0.06276 0.02680 0.02613 0.03597 0.20240 0.03531 0.24629 0.10169 0.00000 0.09634 0.12430 0.25243 0.23806 
Contig6_19 0.11955 0.12166 0.16404 0.28521 0.29391 0.28571 0.28571 0.30711 0.27886 0.27886 0.11509 0.10169 0.10169 0.07465 0.07817 0.07606 0.21662 0.08028 0.27946 0.13852 0.09634 0.00000 0.13319 0.25770 0.23950 
ERR1231936 0.16794 0.16632 0.15193 0.30014 0.30645 0.29681 0.29681 0.31065 0.28958 0.28958 0.13165 0.08537 0.08537 0.10877 0.10563 0.11158 0.25565 0.10986 0.25790 0.08466 0.12430 0.13319 0.00000 0.24433 0.22788 
ERR1231936 0.20809 0.21098 0.20783 0.19904 0.20767 0.18361 0.18361 0.20125 0.17206 0.17206 0.24356 0.23326 0.23326 0.24360 0.24324 0.23668 0.23835 0.23770 0.40268 0.22023 0.25243 0.25770 0.24433 0.00000 0.02289 
Contig31_1 0.18931 0.19220 0.19004 0.17986 0.18994 0.16457 0.16457 0.18316 0.15445 0.15445 0.22740 0.21620 0.21620 0.22683 0.22645 0.21992 0.21985 0.22091 0.38846 0.20287 0.23806 0.23950 0.22788 0.02289 0.00000 
