Sequence		tRNA	Bounds	tRNA	Anti	Intron Bounds	Inf	      
Name    	tRNA #	Begin	End 	Type	Codon	Begin	End	Score	Note
--------	------	-----	------	----	-----	-----	----	------	------
Contig3 	1	701 	754 	Leu	TAG	0	0	17.0	
Contig177	1	6162	6231	Ser	GCT	0	0	26.0	
Contig196	1	5360	5429	Undet	NNN	0	0	26.8	
Contig196	2	8648	8575	Leu	GAG	0	0	23.7	
Contig198	1	2868	2816	Leu	TAG	0	0	16.5	
Contig260	1	3073	3018	Leu	TAG	0	0	16.5	
Contig340	1	3732	3661	Leu	CAA	0	0	16.8	
Contig349	1	8694	8626	Undet	NNN	0	0	17.8	
Contig352	1	14584	14511	Leu	GAG	0	0	23.7	
Contig352	2	10868	10805	Ser	GCT	0	0	16.0	
Contig352	3	10587	10518	Ser	GCT	0	0	26.0	
Contig352	4	10303	10234	Ser	GCT	0	0	26.0	
Contig352	5	10019	9950	Ser	GCT	0	0	26.0	
Contig406	1	2156	2209	Leu	TAG	0	0	17.0	
ERR12319363.2386098	1	5938	6009	Cys	GCA	0	0	70.2	
ERR12319363.74555	1	6418	6366	Lys	CTT	0	0	18.9	
ERR12319363.3554096	1	1729	1800	Met	CAT	0	0	26.1	
ERR12319363.1274735	1	1156	1225	Cys	ACA	0	0	20.5	
ERR12319363.1277313	1	6709	6785	Undet	NNN	0	0	24.6	
ERR12319363.1277313	2	9923	9854	Undet	NNN	0	0	20.3	
ERR12319363.1277313	3	9357	9288	Undet	NNN	0	0	28.5	
ERR12319363.4749784	1	13541	13467	Undet	NNN	0	0	24.5	
ERR12319363.1293349	1	460 	408 	Leu	TAG	0	0	16.5	
ERR12319363.4814895	1	11377	11449	Ser	GGA	0	0	37.4	
ERR12319363.4814895	2	11272	11198	Ser	GGA	0	0	30.6	
ERR12319363.4814895	3	11053	10979	Ser	GGA	0	0	30.6	
ERR12319363.4814895	4	10433	10364	Ser	GCT	0	0	26.0	
ERR12319363.3671514	1	1727	1797	Undet	NNN	0	0	18.7	
ERR12319363.3671514	2	5543	5618	Undet	NNN	0	0	29.5	
ERR12319363.3671514	3	6029	6100	Met	CAT	0	0	42.1	
ERR12319363.3671514	4	7470	7541	Met	CAT	0	0	42.1	
ERR12319363.3671514	5	7318	7247	Met	CAT	0	0	37.5	
ERR12319363.3671514	6	7008	6939	Ser	TGA	0	0	22.4	
ERR12319363.3671514	7	6700	6631	Ser	TGA	0	0	22.4	
ERR12319363.3671514	8	6392	6323	Ser	TGA	0	0	34.9	
ERR12319363.3671514	9	5863	5792	Met	CAT	0	0	32.1	
ERR12319363.1392432	1	5464	5395	Ser	GCT	0	0	17.6	
ERR12319363.2571593	1	9148	9079	Cys	ACA	0	0	20.8	
ERR12319363.1418971	1	1916	1985	Ser	GCT	0	0	26.0	
ERR12319363.6060984	1	14122	14000	Phe	AAA	14084	14040	28.9	
ERR12319363.4902913	1	2258	2187	Undet	NNN	0	0	24.8	
ERR12319363.1473283	1	8694	8767	Asn	GTT	0	0	68.2	
ERR12319363.1473283	2	9392	9321	Glu	TTC	0	0	66.1	
ERR12319363.1477314	1	1990	2063	Ile	GAT	0	0	57.8	
ERR12319363.1477314	2	2068	2141	Met	CAT	0	0	60.4	
ERR12319363.1477314	3	5466	5540	Lys	TTT	0	0	56.5	
ERR12319363.1477314	4	4876	4802	Arg	ACG	0	0	50.5	
ERR12319363.4931542	1	3273	3345	Ser	CGA	0	0	32.4	
ERR12319363.4931542	2	2849	2777	Ser	CGA	0	0	32.4	
ERR12319363.4931542	3	2475	2403	Ser	CGA	0	0	32.4	
ERR12319363.4931542	4	2101	2029	Ser	CGA	0	0	32.4	
ERR12319363.3862822	1	11749	11676	Undet	NNN	0	0	42.2	
ERR12319363.1625422	1	1326	1395	Undet	NNN	0	0	28.1	
ERR12319363.3901600	1	4966	4897	Met	CAT	0	0	17.1	
ERR12319363.3979253	1	6182	6252	Gly	GCC	0	0	65.1	
ERR12319363.5129881	1	3986	4059	Met	CAT	0	0	22.0	
ERR12319363.5133370	1	16074	16145	Glu	TTC	0	0	16.1	
ERR12319363.1763648	1	2077	2008	Undet	NNN	0	0	26.8	
ERR12319363.1824280	1	936 	864 	Met	CAT	0	0	54.1	
ERR12319363.634122	1	3785	3716	Ser	GCT	0	0	26.0	
ERR12319363.634122	2	3501	3432	Ser	GCT	0	0	26.0	
ERR12319363.634122	3	3217	3148	Ser	GCT	0	0	26.0	
ERR12319363.4087403	1	11287	11218	Ser	GCT	0	0	26.0	
ERR12319363.4087403	2	11003	10934	Ser	GCT	0	0	26.0	
ERR12319363.6477035	1	4802	4871	Ser	GCT	0	0	26.0	
ERR12319363.3000554	1	5066	4994	Ser	GCT	0	0	21.7	
ERR12319363.3000554	2	4780	4711	Undet	NNN	0	0	25.4	
ERR12319363.3000554	3	4496	4427	Ser	GCT	0	0	26.0	
ERR12319363.3000554	4	4215	4142	Ser	GCT	0	0	20.8	
ERR12319363.3000554	5	3928	3859	Ser	GCT	0	0	22.9	
ERR12319363.3000554	6	3647	3574	Ser	GCT	0	0	20.8	
ERR12319363.3000554	7	3360	3291	Ser	GCT	0	0	22.9	
ERR12319363.3000554	8	3076	3007	Ser	GCT	0	0	26.0	
ERR12319363.4118133	1	8986	8913	Arg	ACG	0	0	66.0	
ERR12319363.687630	1	7540	7609	Ser	GCT	0	0	26.0	
ERR12319363.687630	2	3739	3665	Ser	GGA	0	0	23.7	
ERR12319363.687630	3	3515	3441	Phe	GAA	0	0	29.2	
ERR12319363.3023354	1	6133	6064	Ser	GCT	0	0	26.0	
ERR12319363.6510155	1	3841	3911	Undet	NNN	0	0	16.7	
ERR12319363.1938533	1	7394	7325	Undet	NNN	0	0	21.4	
ERR12319363.1952169	1	6141	6213	Ser	AGA	0	0	27.4	
ERR12319363.1985373	1	10420	10351	Ser	GCT	0	0	26.0	
ERR12319363.3115855	1	8943	9012	Ser	GCT	0	0	26.0	
ERR12319363.3115855	2	9151	9220	Ser	GCT	0	0	26.0	
ERR12319363.3115855	3	9704	9775	Met	CAT	0	0	42.1	
ERR12319363.3115855	4	9474	9403	Met	CAT	0	0	42.1	
ERR12319363.2022053	1	2521	2469	Leu	TAG	0	0	19.5	
ERR12319363.2047185	1	2630	2555	Undet	NNN	0	0	27.4	
ERR12319363.5451498	1	4632	4701	Undet	NNN	0	0	26.8	
ERR12319363.5451498	2	4919	4988	Undet	NNN	0	0	26.8	
ERR12319363.5451498	3	5206	5275	Undet	NNN	0	0	26.8	
ERR12319363.5451498	4	5494	5563	Undet	NNN	0	0	16.0	
ERR12319363.5451498	5	5783	5852	Undet	NNN	0	0	26.8	
ERR12319363.2108522	1	16305	16236	Undet	NNN	0	0	26.8	
ERR12319363.6707781	1	1471	1419	Leu	TAG	0	0	16.5	
ERR12319363.5503683	1	2630	2578	Leu	TAG	0	0	16.5	
ERR12319363.5514335	1	9005	9074	Undet	NNN	0	0	26.8	
ERR12319363.5514335	2	9294	9363	Undet	NNN	0	0	25.6	
ERR12319363.931239	1	6807	6738	Undet	NNN	0	0	25.3	
ERR12319363.5519999	1	6028	6097	Ser	GCT	0	0	26.0	
ERR12319363.5553920	1	5214	5286	Ser	CGA	0	0	27.5	
ERR12319363.5553920	2	4884	4812	Ser	CGA	0	0	32.4	
ERR12319363.3301234	1	2443	2369	Undet	NNN	0	0	21.3	
ERR12319363.4492465	1	4343	4414	Met	CAT	0	0	42.1	
ERR12319363.4492465	2	4633	4704	Met	CAT	0	0	42.1	
ERR12319363.5740575	1	697 	628 	Ser	GCT	0	0	15.3	
ERR12319363.5770116	1	2322	2393	Leu	GAG	0	0	31.7	
ERR12319363.5770116	2	2874	2945	Leu	GAG	0	0	22.4	
