Sequence		tRNA	Bounds	tRNA	Anti	Intron Bounds	Inf	      
Name    	tRNA #	Begin	End 	Type	Codon	Begin	End	Score	Note
--------	------	-----	------	----	-----	-----	----	------	------
Contig3 	1	2711	2659	Leu	TAG	0	0	16.5	
Contig177	1	24784	24715	Ser	GCT	0	0	26.0	
Contig196	1	14981	15052	Leu	GAG	0	0	31.7	
Contig196	2	18284	18215	Undet	NNN	0	0	26.8	
Contig198	1	2091	2144	Leu	TAG	0	0	17.0	
Contig260	1	424 	477 	Leu	TAG	0	0	17.0	
Contig340	1	32900	32971	Glu	TTC	0	0	16.1	
Contig349	1	11819	11887	Undet	NNN	0	0	17.8	
Contig352	1	21579	21650	Leu	GAG	0	0	31.7	
Contig352	2	25291	25354	Ser	GCT	0	0	16.0	
Contig352	3	25579	25648	Ser	GCT	0	0	26.0	
Contig352	4	25868	25937	Ser	GCT	0	0	26.0	
Contig352	5	26159	26228	Ser	GCT	0	0	26.0	
Contig406	1	2888	2836	Leu	TAG	0	0	16.5	
ERR12319363.2386098	1	1027	956 	Cys	GCA	0	0	70.2	
ERR12319363.74555	1	3367	3419	Lys	CTT	0	0	18.9	
ERR12319363.3554096	1	5206	5134	Met	CAT	0	0	24.9	
ERR12319363.1274735	1	16033	15964	Cys	ACA	0	0	20.5	
ERR12319363.1277313	1	2839	2908	Undet	NNN	0	0	20.3	
ERR12319363.1277313	2	3413	3482	Undet	NNN	0	0	28.5	
ERR12319363.1277313	3	6058	5982	Undet	NNN	0	0	24.6	
ERR12319363.4749784	1	2113	2187	Undet	NNN	0	0	24.5	
ERR12319363.1293349	1	3753	3806	Leu	TAG	0	0	17.0	
ERR12319363.4814895	1	5330	5402	Ser	GGA	0	0	37.4	
ERR12319363.4814895	2	5549	5621	Ser	GGA	0	0	37.4	
ERR12319363.4814895	3	6164	6233	Ser	GCT	0	0	26.0	
ERR12319363.4814895	4	5225	5151	Ser	GGA	0	0	30.6	
ERR12319363.3671514	1	1468	1539	Met	CAT	0	0	37.5	
ERR12319363.3671514	2	1791	1860	Ser	TGA	0	0	22.4	
ERR12319363.3671514	3	2110	2179	Ser	TGA	0	0	22.4	
ERR12319363.3671514	4	2429	2498	Ser	TGA	0	0	34.9	
ERR12319363.3671514	5	2944	3015	Met	CAT	0	0	32.1	
ERR12319363.3671514	6	7084	7015	Undet	NNN	0	0	25.2	
ERR12319363.3671514	7	3277	3202	Undet	NNN	0	0	29.5	
ERR12319363.3671514	8	2780	2709	Met	CAT	0	0	42.1	
ERR12319363.3671514	9	1320	1249	Met	CAT	0	0	42.1	
ERR12319363.1392432	1	17365	17434	Ser	GCT	0	0	17.6	
ERR12319363.2571593	1	5553	5622	Cys	ACA	0	0	20.8	
ERR12319363.1418971	1	7478	7409	Ser	GCT	0	0	26.0	
ERR12319363.6060984	1	4002	4120	Phe	AAA	4040	4086	32.7	
ERR12319363.4902913	1	140 	211 	Undet	NNN	0	0	24.8	
ERR12319363.1473283	1	1029	1104	Undet	NNN	0	0	43.7	
ERR12319363.1473283	2	1737	1662	Asn	GTT	0	0	61.0	
ERR12319363.1477314	1	2837	2912	Arg	ACG	0	0	36.7	
ERR12319363.1477314	2	5604	5530	Ile	GAT	0	0	60.5	
ERR12319363.1477314	3	5525	5450	Met	CAT	0	0	52.4	
ERR12319363.1477314	4	2218	2145	Thr	TGT	0	0	58.7	
ERR12319363.4931542	1	10782	10854	Ser	CGA	0	0	32.4	
ERR12319363.4931542	2	11164	11236	Ser	CGA	0	0	32.4	
ERR12319363.4931542	3	11546	11618	Ser	CGA	0	0	32.4	
ERR12319363.4931542	4	10352	10280	Ser	CGA	0	0	32.4	
ERR12319363.3862822	1	81  	154 	Undet	NNN	0	0	42.2	
ERR12319363.1625422	1	4790	4721	Undet	NNN	0	0	28.1	
ERR12319363.3901600	1	8122	8194	Met	CAT	0	0	17.1	
ERR12319363.3979253	1	8022	7952	Gly	GCC	0	0	65.1	
ERR12319363.5129881	1	2595	2522	Met	CAT	0	0	22.0	
ERR12319363.5133370	1	4657	4586	Leu	CAA	0	0	16.8	
ERR12319363.1763648	1	6348	6417	Undet	NNN	0	0	26.8	
ERR12319363.1824280	1	8008	8079	Met	CAT	0	0	58.7	
ERR12319363.634122	1	3002	3071	Ser	GCT	0	0	26.0	
ERR12319363.634122	2	3293	3362	Ser	GCT	0	0	26.0	
ERR12319363.634122	3	3584	3653	Ser	GCT	0	0	26.0	
ERR12319363.4087403	1	2470	2539	Ser	GCT	0	0	26.0	
ERR12319363.4087403	2	2761	2830	Ser	GCT	0	0	26.0	
ERR12319363.2980031	1	3844	3768	Gly	TCC	0	0	24.3	
ERR12319363.6477035	1	7072	7003	Ser	GCT	0	0	26.0	
ERR12319363.3000554	1	7946	8018	Ser	GCT	0	0	21.7	
ERR12319363.3000554	2	8237	8306	Undet	NNN	0	0	25.4	
ERR12319363.3000554	3	8527	8596	Ser	GCT	0	0	26.0	
ERR12319363.3000554	4	8814	8887	Ser	GCT	0	0	20.8	
ERR12319363.3000554	5	9107	9176	Ser	GCT	0	0	22.9	
ERR12319363.3000554	6	9394	9467	Ser	GCT	0	0	20.8	
ERR12319363.3000554	7	9687	9756	Ser	GCT	0	0	22.9	
ERR12319363.3000554	8	9977	10046	Ser	GCT	0	0	26.0	
ERR12319363.4118133	1	3179	3255	Arg	ACG	0	0	66.0	
ERR12319363.687630	1	9356	9428	Ser	GGA	0	0	30.4	
ERR12319363.687630	2	9581	9653	Phe	GAA	0	0	36.0	
ERR12319363.687630	3	5572	5503	Ser	GCT	0	0	26.0	
ERR12319363.3023354	1	455 	524 	Ser	GCT	0	0	26.0	
ERR12319363.6510155	1	9350	9281	Undet	NNN	0	0	23.2	
ERR12319363.1938533	1	372 	442 	Undet	NNN	0	0	19.7	
ERR12319363.1952169	1	8155	8083	Ser	AGA	0	0	27.4	
ERR12319363.1985373	1	6629	6698	Ser	GCT	0	0	26.0	
ERR12319363.3115855	1	5421	5492	Met	CAT	0	0	42.1	
ERR12319363.3115855	2	5954	5885	Ser	GCT	0	0	26.0	
ERR12319363.3115855	3	5748	5679	Ser	GCT	0	0	26.0	
ERR12319363.3115855	4	5193	5122	Met	CAT	0	0	42.1	
ERR12319363.2022053	1	2000	2053	Leu	TAG	0	0	20.0	
ERR12319363.2047185	1	5483	5558	Undet	NNN	0	0	27.4	
ERR12319363.5451498	1	5274	5205	Undet	NNN	0	0	26.8	
ERR12319363.5451498	2	4991	4922	Undet	NNN	0	0	26.8	
ERR12319363.5451498	3	4708	4639	Undet	NNN	0	0	26.8	
ERR12319363.5451498	4	4424	4355	Undet	NNN	0	0	16.0	
ERR12319363.5451498	5	4139	4070	Undet	NNN	0	0	26.8	
ERR12319363.2108522	1	503 	572 	Undet	NNN	0	0	26.8	
ERR12319363.909712	1	4003	3933	Gly	TCC	0	0	22.7	
ERR12319363.6707781	1	2776	2833	Leu	TAG	0	0	17.0	
ERR12319363.5503683	1	1408	1465	Leu	TAG	0	0	17.0	
ERR12319363.5514335	1	1857	1788	Undet	NNN	0	0	26.8	
ERR12319363.5514335	2	1574	1505	Undet	NNN	0	0	25.6	
ERR12319363.931239	1	5207	5276	Undet	NNN	0	0	25.3	
ERR12319363.5519999	1	6400	6331	Ser	GCT	0	0	26.0	
ERR12319363.5553920	1	2485	2557	Ser	CGA	0	0	32.4	
ERR12319363.5553920	2	2156	2084	Ser	CGA	0	0	27.5	
ERR12319363.3301234	1	5884	5956	Leu	CAA	0	0	26.1	
ERR12319363.4492465	1	2416	2345	Met	CAT	0	0	42.1	
ERR12319363.4492465	2	2126	2055	Met	CAT	0	0	42.1	
ERR12319363.5740575	1	13018	13087	Ser	GCT	0	0	15.3	
ERR12319363.5770116	1	4804	4731	Leu	GAG	0	0	23.7	
ERR12319363.5770116	2	4254	4183	Leu	GAG	0	0	22.4	
