Sequence 		tRNA	Bounds	tRNA	Anti	Intron Bounds	Inf	      
Name     	tRNA #	Begin	End 	Type	Codon	Begin	End	Score	Note
-------- 	------	-----	------	----	-----	-----	----	------	------
Contig19 	1	2806	2754	Leu	TAG	0	0	16.5	
Contig40 	1	14183	14112	Leu	GAG	0	0	31.7	
Contig40 	2	10600	10537	Ser	GCT	0	0	16.0	
Contig40 	3	10322	10253	Ser	GCT	0	0	26.0	
Contig40 	4	10041	9972	Ser	GCT	0	0	26.0	
Contig40 	5	9760	9691	Ser	GCT	0	0	26.0	
Contig82 	1	5163	5232	Undet	NNN	0	0	26.8	
Contig162	1	657 	709 	Leu	TAG	0	0	16.5	
Contig240	1	26486	26557	Met	CAT	0	0	42.1	
Contig240	2	26764	26835	Met	CAT	0	0	42.1	
Contig243	1	3016	2961	Leu	TAG	0	0	16.5	
Contig245	1	18380	18311	Ser	GCT	0	0	26.0	
Contig256	1	8455	8387	Undet	NNN	0	0	17.8	
Contig269	1	2072	2124	Leu	TAG	0	0	16.5	
Contig313	1	4694	4763	Ser	GCT	0	0	26.0	
ERR12319363.1.74555	1	6278	6226	Lys	CTT	0	0	18.9	
ERR12319363.1.634122	1	3707	3638	Ser	GCT	0	0	26.0	
ERR12319363.1.634122	2	3426	3357	Ser	GCT	0	0	26.0	
ERR12319363.1.634122	3	3145	3076	Ser	GCT	0	0	26.0	
ERR12319363.1.687630	1	7320	7389	Ser	GCT	0	0	26.0	
ERR12319363.1.687630	2	3636	3564	Ser	GGA	0	0	30.4	
ERR12319363.1.687630	3	3414	3342	Phe	GAA	0	0	36.0	
ERR12319363.1.909712	1	2608	2678	Gly	TCC	0	0	22.7	
ERR12319363.1.931239	1	6625	6556	Undet	NNN	0	0	25.3	
ERR12319363.1.1181281	1	711 	640 	Leu	GAG	0	0	31.7	
ERR12319363.1.1274735	1	1127	1196	Cys	ACA	0	0	20.5	
ERR12319363.1.1277313	1	6452	6528	Undet	NNN	0	0	24.6	
ERR12319363.1.1277313	2	9574	9505	Undet	NNN	0	0	20.3	
ERR12319363.1.1277313	3	9014	8945	Undet	NNN	0	0	28.5	
ERR12319363.1.1293349	1	460 	408 	Leu	TAG	0	0	16.5	
ERR12319363.1.1392432	1	5298	5229	Ser	GCT	0	0	17.6	
ERR12319363.1.1418971	1	1875	1944	Ser	GCT	0	0	26.0	
ERR12319363.1.1473283	1	8393	8466	Asn	GTT	0	0	68.2	
ERR12319363.1.1473283	2	9070	8999	Glu	TTC	0	0	66.1	
ERR12319363.1.1477314	1	1892	1964	Ile	GAT	0	0	64.0	
ERR12319363.1.1477314	2	1969	2042	Met	CAT	0	0	60.4	
ERR12319363.1.1477314	3	5114	5186	Thr	TGT	0	0	64.6	
ERR12319363.1.1477314	4	4547	4475	Arg	ACG	0	0	53.9	
ERR12319363.1.1625422	1	1297	1366	Undet	NNN	0	0	28.1	
ERR12319363.1.1763648	1	2049	1980	Undet	NNN	0	0	26.8	
ERR12319363.1.1824280	1	921 	850 	Met	CAT	0	0	58.7	
ERR12319363.1.1938533	1	7222	7153	Undet	NNN	0	0	21.4	
ERR12319363.1.1952169	1	5940	6012	Ser	AGA	0	0	27.4	
ERR12319363.1.1985373	1	10154	10085	Ser	GCT	0	0	26.0	
ERR12319363.1.2022053	1	2468	2416	Leu	TAG	0	0	19.5	
ERR12319363.1.2108522	1	16036	15967	Undet	NNN	0	0	26.8	
ERR12319363.1.2386098	1	5825	5896	Cys	GCA	0	0	70.2	
ERR12319363.1.2571593	1	8866	8797	Cys	ACA	0	0	20.8	
ERR12319363.1.2980031	1	3708	3784	Gly	TCC	0	0	24.3	
ERR12319363.1.3000554	1	5020	4948	Ser	GCT	0	0	21.7	
ERR12319363.1.3000554	2	4737	4668	Undet	NNN	0	0	25.4	
ERR12319363.1.3000554	3	4456	4387	Ser	GCT	0	0	26.0	
ERR12319363.1.3000554	4	4178	4105	Ser	GCT	0	0	20.8	
ERR12319363.1.3000554	5	3894	3825	Ser	GCT	0	0	22.9	
ERR12319363.1.3000554	6	3616	3543	Ser	GCT	0	0	20.8	
ERR12319363.1.3000554	7	3332	3263	Ser	GCT	0	0	22.9	
ERR12319363.1.3000554	8	3051	2982	Ser	GCT	0	0	26.0	
ERR12319363.1.3023354	1	6064	5995	Ser	GCT	0	0	26.0	
ERR12319363.1.3115855	1	8779	8848	Ser	GCT	0	0	26.0	
ERR12319363.1.3115855	2	8980	9049	Ser	GCT	0	0	26.0	
ERR12319363.1.3115855	3	9518	9589	Met	CAT	0	0	42.1	
ERR12319363.1.3115855	4	9295	9224	Met	CAT	0	0	42.1	
ERR12319363.1.3301234	1	2381	2309	Leu	CAA	0	0	26.1	
ERR12319363.1.3671514	1	1671	1740	Undet	NNN	0	0	25.2	
ERR12319363.1.3671514	2	5377	5452	Undet	NNN	0	0	29.5	
ERR12319363.1.3671514	3	5852	5923	Met	CAT	0	0	42.1	
ERR12319363.1.3671514	4	7254	7325	Met	CAT	0	0	42.1	
ERR12319363.1.3671514	5	7108	7037	Met	CAT	0	0	37.5	
ERR12319363.1.3671514	6	6803	6734	Ser	TGA	0	0	22.4	
ERR12319363.1.3671514	7	6500	6431	Ser	TGA	0	0	22.4	
ERR12319363.1.3671514	8	6197	6128	Ser	TGA	0	0	34.9	
ERR12319363.1.3671514	9	5692	5621	Met	CAT	0	0	32.1	
ERR12319363.1.3862822	1	11404	11331	Undet	NNN	0	0	42.2	
ERR12319363.1.3901600	1	4802	4733	Met	CAT	0	0	17.1	
ERR12319363.1.3979253	1	6034	6104	Gly	GCC	0	0	65.1	
ERR12319363.1.4087403	1	10988	10919	Ser	GCT	0	0	26.0	
ERR12319363.1.4087403	2	10707	10638	Ser	GCT	0	0	26.0	
ERR12319363.1.4118133	1	8613	8540	Arg	ACG	0	0	66.0	
ERR12319363.1.4749784	1	13377	13303	Undet	NNN	0	0	24.5	
ERR12319363.1.4814895	1	11107	11179	Ser	GGA	0	0	37.4	
ERR12319363.1.4814895	2	11002	10930	Ser	GGA	0	0	37.4	
ERR12319363.1.4814895	3	10785	10713	Ser	GGA	0	0	37.4	
ERR12319363.1.4814895	4	10174	10105	Ser	GCT	0	0	26.0	
ERR12319363.1.4902913	1	2209	2138	Undet	NNN	0	0	24.8	
ERR12319363.1.4931542	1	3202	3274	Ser	CGA	0	0	32.4	
ERR12319363.1.4931542	2	2790	2718	Ser	CGA	0	0	32.4	
ERR12319363.1.4931542	3	2426	2354	Ser	CGA	0	0	32.4	
ERR12319363.1.4931542	4	2062	1990	Ser	CGA	0	0	32.4	
ERR12319363.1.5129881	1	3870	3943	Met	CAT	0	0	22.0	
ERR12319363.1.5451498	1	4531	4600	Undet	NNN	0	0	26.8	
ERR12319363.1.5451498	2	4811	4880	Undet	NNN	0	0	26.8	
ERR12319363.1.5451498	3	5091	5160	Undet	NNN	0	0	26.8	
ERR12319363.1.5451498	4	5372	5441	Undet	NNN	0	0	16.0	
ERR12319363.1.5451498	5	5654	5723	Undet	NNN	0	0	26.8	
ERR12319363.1.5514335	1	8828	8897	Undet	NNN	0	0	26.8	
ERR12319363.1.5514335	2	9108	9177	Undet	NNN	0	0	25.6	
ERR12319363.1.5519999	1	5930	5999	Ser	GCT	0	0	26.0	
ERR12319363.1.5553920	1	5093	5165	Ser	CGA	0	0	27.5	
ERR12319363.1.5553920	2	4777	4705	Ser	CGA	0	0	32.4	
ERR12319363.1.5740575	1	693 	624 	Ser	GCT	0	0	15.3	
ERR12319363.1.5770116	1	2278	2349	Leu	GAG	0	0	31.7	
ERR12319363.1.5770116	2	2807	2878	Leu	GAG	0	0	22.4	
ERR12319363.1.6060984	1	13425	13309	Phe	AAA	13387	13349	28.5	
