KU244283.1	ERR12319363.1.832724	1273	1865	100	100	100	0.0	881
KU244283.1	ERR12319363.1.6466061	6507	5915	100	100	100	0.0	887
KU244283.1	ERR12319363.1.5952927	1372	1985	100	100	100	0.0	1046
KU244283.1	ERR12319363.1.5892980	2104	2717	100	100	100	0.0	1096
KU244283.1	ERR12319363.1.569931	1246	1837	100	100	100	0.0	876
KU244283.1	ERR12319363.1.5506097	289	880	100	100	100	0.0	893
KU244283.1	ERR12319363.1.5372145	2533	1921	100	100	100	0.0	1077
KU244283.1	ERR12319363.1.4640288	1965	2557	100	100	100	0.0	854
KU244283.1	ERR12319363.1.3664866	2969	2356	100	100	100	0.0	1123
KU244283.1	ERR12319363.1.3568408	2057	2670	100	100	100	0.0	1051
KU244283.1	ERR12319363.1.322603	1860	2475	100	100	100	0.0	1042
KU244283.1	ERR12319363.1.3210366	3193	3785	100	100	100	0.0	887
KU244283.1	ERR12319363.1.3000679	1666	2279	100	100	100	0.0	1123
KU244283.1	ERR12319363.1.2761245	1094	481	100	100	100	0.0	1123
KU244283.1	ERR12319363.1.2544890	1320	1912	100	100	100	0.0	898
KU244283.1	ERR12319363.1.2144376	1056	1669	100	100	100	0.0	1046
KU244283.1	ERR12319363.1.1657860	752	1365	100	100	100	0.0	1129
KU244283.1	ERR12319363.1.1536582	4088	4702	100	100	100	0.0	1096
KU244283.1	ERR12319363.1.10560	1225	1817	100	100	100	0.0	898
KU244283.1	Contig11	1715	2329	100	100	100	0.0	1096
KU244283.1	Contig110	2914	2301	100	100	100	0.0	1090
KU244279.1	ERR12319363.1.802337	1764	1069	100	100	100	0.0	965
KU244279.1	ERR12319363.1.784498	1527	801	100	100	100	0.0	931
KU244279.1	ERR12319363.1.6938770	897	1634	100	100	100	0.0	1303
KU244279.1	ERR12319363.1.687973	1011	320	100	100	100	0.0	905
KU244279.1	ERR12319363.1.6707781	1342	646	100	100	100	0.0	876
KU244279.1	ERR12319363.1.668409	1018	1755	100	100	100	0.0	1297
KU244279.1	ERR12319363.1.6538081	522	1261	100	100	100	0.0	1116
KU244279.1	ERR12319363.1.5503683	2462	1766	100	100	100	0.0	876
KU244279.1	ERR12319363.1.4323796	2819	2123	100	100	100	0.0	893
KU244279.1	ERR12319363.1.4136032	5361	6053	100	100	100	0.0	917
KU244279.1	ERR12319363.1.2902930	8745	8053	100	100	100	0.0	928
KU244279.1	ERR12319363.1.2830679	834	150	100	100	100	0.0	837
KU244279.1	ERR12319363.1.2810992	2792	2100	100	100	100	0.0	917
KU244279.1	ERR12319363.1.2528881	976	1667	100	100	100	0.0	905
KU244279.1	ERR12319363.1.2189767	1584	845	100	100	100	0.0	1116
KU244279.1	ERR12319363.1.1857137	717	1411	100	100	100	0.0	963
KU244279.1	ERR12319363.1.1706044	1992	1300	100	100	100	0.0	917
KU244279.1	Contig82	3327	2591	100	100	100	0.0	1267
KU244279.1	Contig72	2033	2770	100	100	100	0.0	1286
KU244279.1	Contig60	3490	2753	100	100	100	0.0	1275
KU244279.1	Contig59	2195	2887	100	100	100	0.0	917
KU244279.1	Contig56	3140	2448	100	100	100	0.0	928
KU244279.1	Contig33	1610	2306	100	100	100	0.0	904
KU244279.1	Contig121	2422	1693	100	100	100	0.0	1096
KU244277.1	ERR12319363.1.6009558	1936	2229	100	100	100	1.05e-110	394
KU244277.1	ERR12319363.1.5765870	1031	1322	100	100	100	8.19e-107	381
KU244277.1	Contig89	3239	2946	100	100	100	4.86e-114	405
KU244277.1	Contig2	1800	2071	100	100	100	6.80e-58	219
KU244276.1	ERR12319363.1.645577	599	1904	100	100	100	0.0	1561
KU244276.1	ERR12319363.1.5457963	1318	2661	100	100	100	0.0	2089
KU244276.1	ERR12319363.1.4218996	120	1450	100	100	100	0.0	2143
KU244276.1	ERR12319363.1.3764051	7609	8969	100	100	100	0.0	2403
KU244276.1	ERR12319363.1.1385903	13634	12283	100	100	100	0.0	2335
KU244276.1	Contig95	1852	3212	100	100	100	0.0	2348
KU244276.1	Contig68	3202	1900	100	100	100	0.0	1807
KU244276.1	Contig6	1925	3254	100	100	100	0.0	1949
KU244276.1	Contig108	1839	3169	100	100	100	0.0	2143
KU244275.1	ERR12319363.1.753839	5847	4833	100	100	100	0.0	1561
KU244275.1	ERR12319363.1.6581340	6777	7791	100	100	100	0.0	1561
KU244275.1	ERR12319363.1.6072192	3085	2052	100	100	100	0.0	1341
KU244275.1	ERR12319363.1.5252978	3147	2114	100	100	100	0.0	1341
KU244275.1	ERR12319363.1.4371402	1915	2949	100	100	100	0.0	1840
KU244275.1	ERR12319363.1.3606467	2915	1901	100	100	100	0.0	1561
KU244275.1	ERR12319363.1.1559760	1587	2622	100	100	100	0.0	1803
KU244275.1	Contig73	536	1567	100	100	100	0.0	1594
KU244275.1	Contig65	1715	2749	100	100	100	0.0	1735
KU244274.1	ERR12319363.1.5618836	2644	1749	100	100	100	0.0	1644
KU244273.1	ERR12319363.1.98643	1335	1551	100	100	100	1.01e-89	324
KU244273.1	ERR12319363.1.875055	3434	3218	100	100	100	2.16e-91	329
KU244273.1	ERR12319363.1.75785	962	746	100	100	100	4.65e-93	335
KU244273.1	ERR12319363.1.6822979	1399	1615	100	100	100	2.16e-91	329
KU244273.1	ERR12319363.1.6806741	1639	1423	100	100	100	4.59e-103	368
KU244273.1	ERR12319363.1.6623299	4418	4202	100	100	100	2.16e-91	329
KU244273.1	ERR12319363.1.6618825	1154	1370	100	100	100	9.86e-105	374
KU244273.1	ERR12319363.1.6613401	1531	1747	100	100	100	9.79e-110	390
KU244273.1	ERR12319363.1.6510155	11508	11292	100	100	100	2.16e-91	329
KU244273.1	ERR12319363.1.6403044	3667	3466	100	100	100	6.28e-62	231
KU244273.1	ERR12319363.1.6292851	1315	1531	100	100	100	1.00e-94	340
KU244273.1	ERR12319363.1.6156532	4827	5042	100	100	100	1.67e-92	333
KU244273.1	ERR12319363.1.5934976	3070	2855	100	100	100	3.62e-89	322
KU244273.1	ERR12319363.1.5934443	5053	5264	100	100	100	2.24e-66	246
KU244273.1	ERR12319363.1.592256	325	541	100	100	100	2.15e-96	346
KU244273.1	ERR12319363.1.5908682	1213	997	100	100	100	2.13e-101	363
KU244273.1	ERR12319363.1.5716546	982	1198	100	100	100	2.10e-111	396
KU244273.1	ERR12319363.1.5696136	3069	2867	100	100	100	3.78e-59	222
KU244273.1	ERR12319363.1.5627728	3016	2800	100	100	100	4.65e-93	335
KU244273.1	ERR12319363.1.5605441	9604	9820	100	100	100	4.62e-98	351
KU244273.1	ERR12319363.1.5483163	864	1088	100	100	100	1.31e-83	303
KU244273.1	ERR12319363.1.5443216	1425	1634	100	100	100	1.73e-67	250
KU244273.1	ERR12319363.1.5431333	3741	3525	100	100	100	4.55e-108	385
KU244273.1	ERR12319363.1.5397638	1804	2020	100	100	100	2.15e-96	346
KU244273.1	ERR12319363.1.5387563	3369	3153	100	100	100	9.86e-105	374
KU244273.1	ERR12319363.1.5290955	1765	1548	100	100	100	4.62e-98	351
KU244273.1	ERR12319363.1.5113292	1106	1322	100	100	100	4.62e-98	351
KU244273.1	ERR12319363.1.4981346	644	443	100	100	100	2.90e-65	243
KU244273.1	ERR12319363.1.4933064	4025	3809	100	100	100	1.01e-89	324
KU244273.1	ERR12319363.1.4932651	1119	1335	100	100	100	2.13e-101	363
KU244273.1	ERR12319363.1.48875	517	733	100	100	100	2.16e-91	329
KU244273.1	ERR12319363.1.483548	1087	1302	100	100	100	1.67e-92	333
KU244273.1	ERR12319363.1.4816320	457	241	100	100	100	4.69e-88	318
KU244273.1	ERR12319363.1.4715173	3046	2831	100	100	100	1.66e-97	350
KU244273.1	ERR12319363.1.4613491	3446	3230	100	100	100	2.16e-91	329
KU244273.1	ERR12319363.1.4490129	114	329	100	100	100	7.84e-86	311
KU244273.1	ERR12319363.1.4234820	3791	4007	100	100	100	4.65e-93	335
KU244273.1	ERR12319363.1.4053075	1063	846	100	100	100	1.01e-84	307
KU244273.1	ERR12319363.1.3982682	6732	6942	100	100	100	2.24e-66	246
KU244273.1	ERR12319363.1.3979498	6062	5846	100	100	100	2.16e-91	329
KU244273.1	ERR12319363.1.3807356	473	689	100	100	100	4.59e-103	368
KU244273.1	ERR12319363.1.3787327	1334	1118	100	100	100	4.65e-93	335
KU244273.1	ERR12319363.1.3724061	2983	2767	100	100	100	4.55e-108	385
KU244273.1	ERR12319363.1.3662995	1022	806	100	100	100	9.86e-105	374
KU244273.1	ERR12319363.1.3655407	1355	1571	100	100	100	1.01e-89	324
KU244273.1	ERR12319363.1.3621512	4782	4997	100	100	100	7.73e-96	344
KU244273.1	ERR12319363.1.3566595	2067	1851	100	100	100	2.10e-111	396
KU244273.1	ERR12319363.1.3404789	3536	3321	100	100	100	7.73e-96	344
KU244273.1	ERR12319363.1.3060900	908	1112	100	100	100	1.04e-69	257
KU244273.1	ERR12319363.1.304557	900	1115	100	100	100	7.73e-96	344
KU244273.1	ERR12319363.1.2989961	2417	2201	100	100	100	2.15e-96	346
KU244273.1	ERR12319363.1.2955280	6604	6387	100	100	100	4.65e-93	335
KU244273.1	ERR12319363.1.2911503	1206	1410	100	100	100	1.04e-69	257
KU244273.1	ERR12319363.1.284627	646	431	100	100	100	7.78e-91	327
KU244273.1	ERR12319363.1.2839500	649	856	100	100	100	1.31e-83	303
KU244273.1	ERR12319363.1.2748169	10534	10750	100	100	100	4.59e-103	368
KU244273.1	ERR12319363.1.2683592	3169	2953	100	100	100	1.01e-89	324
KU244273.1	ERR12319363.1.2596052	1772	1556	100	100	100	9.86e-105	374
KU244273.1	ERR12319363.1.2593889	2529	2313	100	100	100	2.16e-91	329
KU244273.1	ERR12319363.1.2535617	3355	3564	100	100	100	3.75e-64	239
KU244273.1	ERR12319363.1.2465150	957	1173	100	100	100	2.16e-91	329
KU244273.1	ERR12319363.1.2462325	1480	1696	100	100	100	4.59e-103	368
KU244273.1	ERR12319363.1.2457534	1389	1606	100	100	100	9.93e-100	357
KU244273.1	ERR12319363.1.2387788	1417	1633	100	100	100	2.10e-111	396
KU244273.1	ERR12319363.1.2234720	486	702	100	100	100	9.86e-105	374
KU244273.1	ERR12319363.1.2047185	7270	7486	100	100	100	4.59e-103	368
KU244273.1	ERR12319363.1.1994976	1349	1565	100	100	100	2.13e-101	363
KU244273.1	ERR12319363.1.1984388	1682	1891	100	100	100	1.73e-67	250
KU244273.1	ERR12319363.1.1968212	1024	1225	100	100	100	2.90e-65	243
KU244273.1	ERR12319363.1.1934754	4034	3817	100	100	100	4.79e-73	268
KU244273.1	ERR12319363.1.1841717	1601	1385	100	100	100	1.00e-94	340
KU244273.1	ERR12319363.1.1680982	195	410	100	100	100	7.73e-96	344
KU244273.1	ERR12319363.1.1636414	1354	1570	100	100	100	2.16e-91	329
KU244273.1	ERR12319363.1.1427806	1085	1301	100	100	100	4.62e-98	351
KU244273.1	ERR12319363.1.1367466	1571	1787	100	100	100	2.18e-86	313
KU244273.1	Contig99	1381	1597	100	100	100	2.18e-86	313
KU244273.1	Contig97	1347	1563	100	100	100	4.65e-93	335
KU244273.1	Contig82	1304	1511	100	100	100	1.31e-83	303
KU244273.1	Contig71	1377	1593	100	100	100	2.10e-111	396
KU244273.1	Contig64	3255	3039	100	100	100	4.69e-88	318
KU244273.1	Contig58	3104	2888	100	100	100	9.79e-110	390
KU244273.1	Contig57	2887	2671	100	100	100	4.65e-93	335
KU244273.1	Contig55	1355	1571	100	100	100	2.10e-111	396
KU244273.1	Contig5	3046	2830	100	100	100	4.59e-103	368
KU244273.1	Contig52	1069	1285	100	100	100	4.65e-93	335
KU244273.1	Contig50	3750	3534	100	100	100	2.16e-91	329
KU244273.1	Contig44	3812	3596	100	100	100	4.65e-93	335
KU244273.1	Contig4	3674	3456	100	100	100	2.78e-95	342
KU244273.1	Contig43	3805	3589	100	100	100	2.15e-96	346
KU244273.1	Contig42	961	1177	100	100	100	2.15e-96	346
KU244273.1	Contig39	912	1128	100	100	100	9.79e-110	390
KU244273.1	Contig34	2224	2009	100	100	100	3.60e-94	339
KU244273.1	Contig27	2721	2508	100	100	100	6.28e-62	231
KU244273.1	Contig26	3944	3726	100	100	100	1.29e-93	337
KU244273.1	Contig25	2906	2690	100	100	100	2.16e-91	329
KU244273.1	Contig24	3531	3316	100	100	100	3.52e-109	388
KU244273.1	Contig23	846	1062	100	100	100	4.72e-83	302
KU244273.1	Contig2	3346	3130	100	100	100	2.12e-106	379
KU244273.1	Contig22	1246	1462	100	100	100	4.69e-88	318
KU244273.1	Contig17	1088	1303	100	100	100	7.62e-106	377
KU244273.1	Contig15	3421	3206	100	100	100	3.60e-94	339
KU244273.1	Contig14	3713	3497	100	100	100	4.62e-98	351
KU244273.1	Contig115	3178	2962	100	100	100	2.16e-91	329
KU244273.1	Contig109	4764	4547	100	100	100	9.79e-110	390
KU244273.1	Contig105	1403	1618	100	100	100	1.64e-107	383
KU244273.1	Contig103	1195	1404	100	100	100	8.01e-71	261
KU244283.1	ERR12319363.1.400083	566	1172	99	99	99	0.0	1077
KU244283.1	Contig49	2600	1990	99	99	99	0.0	1029
KU244282.1	ERR12319363.1.5493776	2212	3325	99	99	99	0.0	1134
KU244282.1	ERR12319363.1.3263424	5722	6850	99	99	99	0.0	1205
KU244282.1	Contig1	1960	3088	99	99	99	0.0	1266
KU244281.1	ERR12319363.1.4671060	2204	1044	99	99	99	0.0	1170
KU244281.1	ERR12319363.1.3408167	1645	2808	99	99	99	0.0	1170
KU244280.1	ERR12319363.1.936086	2798	2161	99	99	99	0.0	1085
KU244280.1	ERR12319363.1.6579050	5147	4509	99	99	99	0.0	1109
KU244280.1	ERR12319363.1.6408551	1855	2493	99	99	99	0.0	1131
KU244280.1	ERR12319363.1.4448160	1840	2478	99	99	99	0.0	1131
KU244280.1	ERR12319363.1.1953528	314	952	99	99	99	0.0	1125
KU244280.1	ERR12319363.1.1863334	1035	1673	99	99	99	0.0	1125
KU244280.1	Contig3	5975	6613	99	99	99	0.0	1109
KU244280.1	Contig114	2070	2708	99	99	99	0.0	1142
KU244279.1	ERR12319363.1.1245635	452	1160	99	99	99	0.0	826
KU244278.1	Contig91	2495	1670	99	99	99	0.0	750
KU244276.1	ERR12319363.1.6105243	3647	2347	99	99	99	0.0	1548
KU244276.1	ERR12319363.1.2304946	3020	1663	99	99	99	0.0	2337
KU244276.1	ERR12319363.1.1748317	2471	1164	99	99	99	0.0	1714
KU244276.1	Contig51	2009	652	99	99	99	0.0	2403
KU244276.1	Contig113	2892	1549	99	99	99	0.0	1738
KU244275.1	ERR12319363.1.3412843	1384	2389	99	99	99	0.0	1363
KU244275.1	Contig87	9214	8252	99	99	99	0.0	1249
KU244273.1	ERR12319363.1.976880	3233	3020	99	99	99	4.65e-93	335
KU244273.1	ERR12319363.1.948629	3155	2941	99	99	99	5.89e-107	381
KU244273.1	ERR12319363.1.888099	3221	3019	99	99	99	2.84e-80	292
KU244273.1	ERR12319363.1.709336	1142	1356	99	99	99	1.28e-103	370
KU244273.1	ERR12319363.1.6390617	1040	1254	99	99	99	5.93e-102	364
KU244273.1	ERR12319363.1.6299183	5057	5272	99	99	99	3.52e-109	388
KU244273.1	ERR12319363.1.6184577	1451	1666	99	99	99	7.57e-111	394
KU244273.1	ERR12319363.1.6147587	657	866	99	99	99	2.88e-70	259
KU244273.1	ERR12319363.1.5874118	1737	1523	99	99	99	2.72e-110	392
KU244273.1	ERR12319363.1.5635996	6253	6040	99	99	99	4.59e-103	368
KU244273.1	ERR12319363.1.556334	5710	5495	99	99	99	3.52e-109	388
KU244273.1	ERR12319363.1.5464140	2343	2137	99	99	99	1.73e-67	250
KU244273.1	ERR12319363.1.5406610	2316	2103	99	99	99	4.65e-93	335
KU244273.1	ERR12319363.1.5133370	110	324	99	99	99	5.89e-107	381
KU244273.1	ERR12319363.1.5031694	1167	1382	99	99	99	3.52e-109	388
KU244273.1	ERR12319363.1.4800562	2990	2776	99	99	99	2.76e-100	359
KU244273.1	ERR12319363.1.4781281	3224	3026	99	99	99	8.12e-61	228
KU244273.1	ERR12319363.1.4587214	3397	3196	99	99	99	2.21e-76	279
KU244273.1	ERR12319363.1.4570520	1854	1642	99	99	99	7.78e-91	327
KU244273.1	ERR12319363.1.4561624	3848	3634	99	99	99	1.28e-103	370
KU244273.1	ERR12319363.1.4525092	490	276	99	99	99	5.89e-107	381
KU244273.1	ERR12319363.1.450007	5036	5250	99	99	99	2.72e-110	392
KU244273.1	ERR12319363.1.4486931	3479	3267	99	99	99	1.69e-87	316
KU244273.1	ERR12319363.1.4419023	118	331	99	99	99	2.15e-96	346
KU244273.1	ERR12319363.1.4385708	4051	3837	99	99	99	5.89e-107	381
KU244273.1	ERR12319363.1.4357857	4922	4707	99	99	99	3.52e-109	388
KU244273.1	ERR12319363.1.4346774	2774	2560	99	99	99	1.28e-103	370
KU244273.1	ERR12319363.1.4214493	4799	5005	99	99	99	3.73e-69	255
KU244273.1	ERR12319363.1.4092092	4224	4440	99	99	99	1.66e-97	350
KU244273.1	ERR12319363.1.3985603	8461	8255	99	99	99	8.06e-66	244
KU244273.1	ERR12319363.1.3835196	3935	4133	99	99	99	8.12e-61	228
KU244273.1	ERR12319363.1.3741216	1031	1246	99	99	99	1.65e-102	366
KU244273.1	ERR12319363.1.3725985	2515	2303	99	99	99	7.78e-91	327
KU244273.1	ERR12319363.1.364876	179	374	99	99	99	4.82e-68	252
KU244273.1	ERR12319363.1.3615090	1564	1778	99	99	99	5.98e-97	348
KU244273.1	ERR12319363.1.3554096	611	399	99	99	99	3.60e-94	339
KU244273.1	ERR12319363.1.3468107	3277	3053	99	99	99	4.65e-93	335
KU244273.1	ERR12319363.1.3350723	4251	4038	99	99	99	2.13e-101	363
KU244273.1	ERR12319363.1.3327084	3388	3182	99	99	99	8.01e-71	261
KU244273.1	ERR12319363.1.3279713	3221	3007	99	99	99	5.98e-97	348
KU244273.1	ERR12319363.1.3210366	4781	4559	99	99	99	2.84e-80	292
KU244273.1	ERR12319363.1.2777896	6575	6773	99	99	99	8.12e-61	228
KU244273.1	ERR12319363.1.275493	3241	3027	99	99	99	5.98e-97	348
KU244273.1	ERR12319363.1.2656159	1958	1735	99	99	99	3.60e-94	339
KU244273.1	ERR12319363.1.2636860	1657	1451	99	99	99	3.75e-64	239
KU244273.1	ERR12319363.1.2299694	1826	2049	99	99	99	3.60e-94	339
KU244273.1	ERR12319363.1.2290982	273	488	99	99	99	3.52e-109	388
KU244273.1	ERR12319363.1.2150276	2223	2009	99	99	99	1.28e-98	353
KU244273.1	ERR12319363.1.2034016	2313	2099	99	99	99	1.27e-108	387
KU244273.1	ERR12319363.1.1917820	2652	2446	99	99	99	8.01e-71	261
KU244273.1	ERR12319363.1.1812972	2899	2684	99	99	99	7.57e-111	394
KU244273.1	ERR12319363.1.1763270	1954	1753	99	99	99	2.21e-76	279
KU244273.1	ERR12319363.1.1485459	3285	3070	99	99	99	7.57e-111	394
KU244273.1	ERR12319363.1.1383236	3099	2885	99	99	99	2.72e-110	392
KU244273.1	ERR12319363.1.133641	2563	2365	99	99	99	8.12e-61	228
KU244273.1	ERR12319363.1.1107424	1701	1487	99	99	99	5.93e-102	364
KU244273.1	Contig96	1111	1325	99	99	99	2.72e-110	392
KU244273.1	Contig9	4337	4133	99	99	99	6.10e-82	298
KU244273.1	Contig90	3288	3082	99	99	99	3.73e-69	255
KU244273.1	Contig85	3366	3153	99	99	99	2.15e-96	346
KU244273.1	Contig81	1276	1490	99	99	99	2.74e-105	375
KU244273.1	Contig80	3254	3040	99	99	99	5.89e-107	381
KU244273.1	Contig74	3513	3301	99	99	99	3.60e-94	339
KU244273.1	Contig7	3508	3297	99	99	99	2.26e-61	230
KU244273.1	Contig69	1306	1521	99	99	99	3.52e-109	388
KU244273.1	Contig66	3875	3669	99	99	99	3.75e-64	239
KU244273.1	Contig62	3499	3285	99	99	99	2.72e-110	392
KU244273.1	Contig54	1304	1499	99	99	99	4.82e-68	252
KU244273.1	Contig47	3527	3321	99	99	99	8.01e-71	261
KU244273.1	Contig46	19176	18962	99	99	99	5.89e-107	381
KU244273.1	Contig40	1336	1550	99	99	99	5.93e-102	364
KU244273.1	Contig21	1385	1596	99	99	99	2.24e-66	246
KU244273.1	Contig19	1861	1646	99	99	99	7.57e-111	394
KU244273.1	Contig18	1281	1496	99	99	99	7.57e-111	394
KU244273.1	Contig119	3492	3278	99	99	99	5.89e-107	381
KU244273.1	Contig100	2897	2699	99	99	99	8.12e-61	228
KU244283.1	ERR12319363.1.5030966	1543	2120	98	98	98	0.0	876
KU244280.1	ERR12319363.1.2559547	835	1443	98	98	98	0.0	854
KU244280.1	Contig94	1008	1636	98	98	98	0.0	1022
KU244279.1	ERR12319363.1.5542383	1285	598	98	98	98	0.0	942
KU244279.1	ERR12319363.1.3843360	1139	1845	98	98	98	0.0	880
KU244279.1	Contig76	2074	1387	98	98	98	0.0	942
KU244279.1	ERR12319363.1.6759432	1637	2329	97	97	97	0.0	1083
KU244273.1	ERR12319363.1.2681479	14815	14613	97	97	97	1.75e-62	233
KU244273.1	Contig67	3158	2955	97	97	97	3.75e-64	239
KU244275.1	Contig102	3112	2188	99	94	98	0.0	1201
KU244273.1	ERR12319363.1.75401	2038	1841	94	94	94	1.75e-62	233
KU244273.1	ERR12319363.1.673303	656	853	94	94	94	1.75e-62	233
KU244273.1	ERR12319363.1.4228165	2810	2613	94	94	94	1.75e-62	233
KU244273.1	ERR12319363.1.2586227	1615	1808	94	94	94	2.26e-61	230
KU244273.1	Contig70	1545	1742	94	94	94	1.75e-62	233
KU244273.1	Contig36	966	761	94	94	94	1.00e-94	340
KU244273.1	Contig36	187	378	94	94	94	3.78e-59	222
KU244273.1	Contig29	2777	2580	94	94	94	1.73e-67	250
KU244273.1	Contig13	3087	2890	94	94	94	3.75e-64	239
KU244283.1	ERR12319363.1.5776147	1937	2510	93	93	93	0.0	966
KU244283.1	ERR12319363.1.5607353	1442	1994	93	93	93	0.0	874
KU244283.1	ERR12319363.1.2145929	2243	1722	93	93	93	0.0	713
KU244280.1	ERR12319363.1.3837945	1	591	92	92	92	0.0	1048
KU244283.1	ERR12319363.1.4116878	2917	2406	91	91	91	0.0	654
KU244275.1	ERR12319363.1.4076789	2857	1947	100	91	100	0.0	1336
KU244275.1	Contig116	1663	2573	100	91	100	0.0	1336
KU244276.1	ERR12319363.1.3825694	1269	2436	90	90	90	0.0	1384
KU244276.1	Contig31	1270	2446	90	90	90	0.0	1463
KU244275.1	Contig98	1691	2572	94	88	94	0.0	1308
KU244273.1	ERR12319363.1.1582962	1	192	88	88	88	6.10e-82	298
KU244279.1	Contig63	1912	2537	87	87	87	0.0	863
KU244277.1	ERR12319363.1.833656	1267	1013	87	87	87	5.11e-79	289
KU244277.1	ERR12319363.1.6049520	2328	2070	87	87	87	5.07e-84	305
KU244277.1	ERR12319363.1.2401750	2060	1801	87	87	87	1.09e-85	311
KU244277.1	Contig99	2491	2236	87	87	87	6.38e-103	368
KU244277.1	Contig61	3211	2952	87	87	87	1.09e-85	311
KU244283.1	ERR12319363.1.2084601	2955	2459	84	84	84	0.0	760
KU244276.1	ERR12319363.1.6535498	4371	5491	84	84	84	0.0	1528
KU244276.1	ERR12319363.1.5898204	1066	2192	89	84	89	0.0	1472
KU244276.1	ERR12319363.1.4389717	1052	2178	89	84	89	0.0	1472
KU244276.1	Contig35	1142	2262	84	84	84	0.0	1528
KU244276.1	Contig30	2176	3309	95	84	95	0.0	1557
KU244275.1	ERR12319363.1.1828249	2261	1401	100	84	100	0.0	1312
KU244275.1	Contig88	1553	2405	100	84	100	0.0	1343
KU244275.1	Contig32	1359	2219	100	84	100	0.0	1312
KU244276.1	ERR12319363.1.5646552	4647	5774	83	83	83	0.0	1984
KU244276.1	Contig9	2179	3271	100	83	100	0.0	1644
KU244277.1	Contig93	2195	2437	82	82	82	1.84e-78	287
KU244275.1	ERR12319363.1.5740722	1882	2733	82	82	82	0.0	1524
KU244275.1	Contig37	1731	2553	95	81	94	0.0	1188
KU244273.1	ERR12319363.1.1707714	5967	5793	81	81	81	4.75e-78	285
KU244276.1	ERR12319363.1.6111429	1749	2826	98	80	97	0.0	1402
KU244276.1	ERR12319363.1.2937410	1983	910	98	80	97	0.0	1352
